[19-Oct-2016 04:14:04 UTC] PHP Parse error:  syntax error, unexpected '<' in /home/ubuntu/workspace/views/footer.php on line 5
[19-Oct-2016 06:51:10 UTC] PHP Warning:  require_once(/home/ubuntu/workspacemodels/user.php): failed to open stream: No such file or directory in /home/ubuntu/workspace/login/index.php on line 8
[19-Oct-2016 06:51:10 UTC] PHP Stack trace:
[19-Oct-2016 06:51:10 UTC] PHP   1. {main}() /home/ubuntu/workspace/login/index.php:0
[19-Oct-2016 06:51:10 UTC] PHP Fatal error:  require_once(): Failed opening required '/home/ubuntu/workspacemodels/user.php' (include_path='.:/usr/share/php:/usr/share/pear') in /home/ubuntu/workspace/login/index.php on line 8
[19-Oct-2016 06:51:10 UTC] PHP Stack trace:
[19-Oct-2016 06:51:10 UTC] PHP   1. {main}() /home/ubuntu/workspace/login/index.php:0
[19-Oct-2016 06:51:18 UTC] PHP Parse error:  syntax error, unexpected ')' in /home/ubuntu/workspace/views/header.php on line 7
[19-Oct-2016 06:51:18 UTC] PHP Stack trace:
[19-Oct-2016 06:51:18 UTC] PHP   1. {main}() /home/ubuntu/workspace/login/index.php:0
[19-Oct-2016 06:51:55 UTC] PHP Fatal error:  Call to a member function getField() on a non-object in /home/ubuntu/workspace/views/login-form.php on line 6
[19-Oct-2016 06:51:55 UTC] PHP Stack trace:
[19-Oct-2016 06:51:55 UTC] PHP   1. {main}() /home/ubuntu/workspace/login/index.php:0
[19-Oct-2016 06:51:55 UTC] PHP   2. include() /home/ubuntu/workspace/login/index.php:15
[19-Oct-2016 06:55:18 UTC] PHP Fatal error:  Class 'Fields' not found in /home/ubuntu/workspace/models/validate.php on line 5
[19-Oct-2016 06:55:18 UTC] PHP Stack trace:
[19-Oct-2016 06:55:18 UTC] PHP   1. {main}() /home/ubuntu/workspace/login/index.php:0
[19-Oct-2016 06:55:18 UTC] PHP   2. Validate->__construct() /home/ubuntu/workspace/login/index.php:12
[19-Oct-2016 06:56:27 UTC] PHP Fatal error:  Class 'Fields' not found in /home/ubuntu/workspace/models/validate.php on line 5
[19-Oct-2016 06:56:27 UTC] PHP Stack trace:
[19-Oct-2016 06:56:27 UTC] PHP   1. {main}() /home/ubuntu/workspace/login/index.php:0
[19-Oct-2016 06:56:27 UTC] PHP   2. Validate->__construct() /home/ubuntu/workspace/login/index.php:12
[19-Oct-2016 06:57:51 UTC] PHP Fatal error:  Call to a member function getHTML() on a non-object in /home/ubuntu/workspace/views/login-form.php on line 6
[19-Oct-2016 06:57:51 UTC] PHP Stack trace:
[19-Oct-2016 06:57:51 UTC] PHP   1. {main}() /home/ubuntu/workspace/login/index.php:0
[19-Oct-2016 06:57:51 UTC] PHP   2. include() /home/ubuntu/workspace/login/index.php:19
[19-Oct-2016 07:11:32 UTC] PHP Fatal error:  Uncaught exception 'Exception' with message 'There was an error connecting to the database. Please check back later.' in /home/ubuntu/workspace/models/user.php:16
Stack trace:
#0 /home/ubuntu/workspace/models/validate.php(97): User->__construct()
#1 /home/ubuntu/workspace/signup/index.php(41): Validate->userTaken('userError', 'form_test')
#2 {main}
  thrown in /home/ubuntu/workspace/models/user.php on line 16
[19-Oct-2016 07:12:48 UTC] PHP Fatal error:  Uncaught exception 'Exception' with message 'There was an error connecting to the database. Please check back later.' in /home/ubuntu/workspace/models/user.php:16
Stack trace:
#0 /home/ubuntu/workspace/models/validate.php(97): User->__construct()
#1 /home/ubuntu/workspace/signup/index.php(41): Validate->userTaken('userError', 'form_test')
#2 {main}
  thrown in /home/ubuntu/workspace/models/user.php on line 16
[19-Oct-2016 07:13:15 UTC] PHP Fatal error:  Call to a member function prepare() on a non-object in /home/ubuntu/workspace/models/user.php on line 247
[19-Oct-2016 07:13:15 UTC] PHP Stack trace:
[19-Oct-2016 07:13:15 UTC] PHP   1. {main}() /home/ubuntu/workspace/signup/index.php:0
[19-Oct-2016 07:13:15 UTC] PHP   2. Validate->userTaken() /home/ubuntu/workspace/signup/index.php:41
[19-Oct-2016 07:13:15 UTC] PHP   3. User->checkUserExists() /home/ubuntu/workspace/models/validate.php:100
[19-Oct-2016 07:14:22 UTC] PHP Fatal error:  Uncaught exception 'Exception' with message 'There was an error connecting to the database. Please check back later.' in /home/ubuntu/workspace/models/user.php:16
Stack trace:
#0 /home/ubuntu/workspace/models/validate.php(97): User->__construct()
#1 /home/ubuntu/workspace/signup/index.php(41): Validate->userTaken('userError', 'form_test')
#2 {main}
  thrown in /home/ubuntu/workspace/models/user.php on line 16
[19-Oct-2016 07:16:47 UTC] PHP Fatal error:  Call to a member function prepare() on a non-object in /home/ubuntu/workspace/models/user.php on line 247
[19-Oct-2016 07:16:47 UTC] PHP Stack trace:
[19-Oct-2016 07:16:47 UTC] PHP   1. {main}() /home/ubuntu/workspace/signup/index.php:0
[19-Oct-2016 07:16:47 UTC] PHP   2. Validate->userTaken() /home/ubuntu/workspace/signup/index.php:41
[19-Oct-2016 07:16:47 UTC] PHP   3. User->checkUserExists() /home/ubuntu/workspace/models/validate.php:100
[19-Oct-2016 07:17:08 UTC] PHP Fatal error:  Call to a member function prepare() on a non-object in /home/ubuntu/workspace/models/user.php on line 247
[19-Oct-2016 07:17:08 UTC] PHP Stack trace:
[19-Oct-2016 07:17:08 UTC] PHP   1. {main}() /home/ubuntu/workspace/signup/index.php:0
[19-Oct-2016 07:17:08 UTC] PHP   2. Validate->userTaken() /home/ubuntu/workspace/signup/index.php:41
[19-Oct-2016 07:17:08 UTC] PHP   3. User->checkUserExists() /home/ubuntu/workspace/models/validate.php:100
[19-Oct-2016 07:21:32 UTC] PHP Warning:  include(views/signup-form.php): failed to open stream: No such file or directory in /home/ubuntu/workspace/signup/index.php on line 45
[19-Oct-2016 07:21:32 UTC] PHP Stack trace:
[19-Oct-2016 07:21:32 UTC] PHP   1. {main}() /home/ubuntu/workspace/signup/index.php:0
[19-Oct-2016 07:21:32 UTC] PHP Warning:  include(): Failed opening 'views/signup-form.php' for inclusion (include_path='.:/usr/share/php:/usr/share/pear') in /home/ubuntu/workspace/signup/index.php on line 45
[19-Oct-2016 07:21:32 UTC] PHP Stack trace:
[19-Oct-2016 07:21:32 UTC] PHP   1. {main}() /home/ubuntu/workspace/signup/index.php:0
[19-Oct-2016 07:23:16 UTC] PHP Fatal error:  Call to a member function createUser() on a non-object in /home/ubuntu/workspace/signup/index.php on line 47
[19-Oct-2016 07:23:16 UTC] PHP Stack trace:
[19-Oct-2016 07:23:16 UTC] PHP   1. {main}() /home/ubuntu/workspace/signup/index.php:0
[19-Oct-2016 07:26:04 UTC] PHP Fatal error:  Uncaught exception 'Exception' with message 'Incorrect username or password' in /home/ubuntu/workspace/models/user.php:35
Stack trace:
#0 /home/ubuntu/workspace/signup/index.php(57): User->login('form_test', 'formtest')
#1 {main}
  thrown in /home/ubuntu/workspace/models/user.php on line 35
[19-Oct-2016 07:27:11 UTC] PHP Fatal error:  Uncaught exception 'Exception' with message 'Incorrect username or password' in /home/ubuntu/workspace/models/user.php:35
Stack trace:
#0 /home/ubuntu/workspace/signup/index.php(57): User->login('form_test', 'formtest')
#1 {main}
  thrown in /home/ubuntu/workspace/models/user.php on line 35
[19-Oct-2016 07:35:39 UTC] PHP Fatal error:  Call to a member function login() on a non-object in /home/ubuntu/workspace/login/index.php on line 47
[19-Oct-2016 07:35:39 UTC] PHP Stack trace:
[19-Oct-2016 07:35:39 UTC] PHP   1. {main}() /home/ubuntu/workspace/login/index.php:0
[19-Oct-2016 07:50:55 UTC] PHP Warning:  include(views/login-form.php): failed to open stream: No such file or directory in /home/ubuntu/workspace/login/index.php on line 45
[19-Oct-2016 07:50:55 UTC] PHP Stack trace:
[19-Oct-2016 07:50:55 UTC] PHP   1. {main}() /home/ubuntu/workspace/login/index.php:0
[19-Oct-2016 07:50:55 UTC] PHP Warning:  include(): Failed opening 'views/login-form.php' for inclusion (include_path='.:/usr/share/php:/usr/share/pear') in /home/ubuntu/workspace/login/index.php on line 45
[19-Oct-2016 07:50:55 UTC] PHP Stack trace:
[19-Oct-2016 07:50:55 UTC] PHP   1. {main}() /home/ubuntu/workspace/login/index.php:0
[19-Oct-2016 16:28:07 UTC] PHP Warning:  include(/home/ubuntu/workspace/views/vacation-form): failed to open stream: No such file or directory in /home/ubuntu/workspace/vacation/index.php on line 18
[19-Oct-2016 16:28:07 UTC] PHP Stack trace:
[19-Oct-2016 16:28:07 UTC] PHP   1. {main}() /home/ubuntu/workspace/vacation/index.php:0
[19-Oct-2016 16:28:07 UTC] PHP Warning:  include(): Failed opening '/home/ubuntu/workspace/views/vacation-form' for inclusion (include_path='.:/usr/share/php:/usr/share/pear') in /home/ubuntu/workspace/vacation/index.php on line 18
[19-Oct-2016 16:28:07 UTC] PHP Stack trace:
[19-Oct-2016 16:28:07 UTC] PHP   1. {main}() /home/ubuntu/workspace/vacation/index.php:0
[19-Oct-2016 16:45:58 UTC] PHP Warning:  require_once(/models/file.php): failed to open stream: No such file or directory in /home/ubuntu/workspace/vacation/index.php on line 4
[19-Oct-2016 16:45:58 UTC] PHP Stack trace:
[19-Oct-2016 16:45:58 UTC] PHP   1. {main}() /home/ubuntu/workspace/vacation/index.php:0
[19-Oct-2016 16:45:58 UTC] PHP Fatal error:  require_once(): Failed opening required '/models/file.php' (include_path='.:/usr/share/php:/usr/share/pear') in /home/ubuntu/workspace/vacation/index.php on line 4
[19-Oct-2016 16:45:58 UTC] PHP Stack trace:
[19-Oct-2016 16:45:58 UTC] PHP   1. {main}() /home/ubuntu/workspace/vacation/index.php:0
[19-Oct-2016 16:46:31 UTC] PHP Warning:  require_once(/models/file.php): failed to open stream: No such file or directory in /home/ubuntu/workspace/vacation/index.php on line 4
[19-Oct-2016 16:46:31 UTC] PHP Stack trace:
[19-Oct-2016 16:46:31 UTC] PHP   1. {main}() /home/ubuntu/workspace/vacation/index.php:0
[19-Oct-2016 16:46:31 UTC] PHP Fatal error:  require_once(): Failed opening required '/models/file.php' (include_path='.:/usr/share/php:/usr/share/pear') in /home/ubuntu/workspace/vacation/index.php on line 4
[19-Oct-2016 16:46:31 UTC] PHP Stack trace:
[19-Oct-2016 16:46:31 UTC] PHP   1. {main}() /home/ubuntu/workspace/vacation/index.php:0
[19-Oct-2016 16:46:31 UTC] PHP Warning:  require_once(/models/file.php): failed to open stream: No such file or directory in /home/ubuntu/workspace/vacation/index.php on line 4
[19-Oct-2016 16:46:31 UTC] PHP Stack trace:
[19-Oct-2016 16:46:31 UTC] PHP   1. {main}() /home/ubuntu/workspace/vacation/index.php:0
[19-Oct-2016 16:46:31 UTC] PHP Fatal error:  require_once(): Failed opening required '/models/file.php' (include_path='.:/usr/share/php:/usr/share/pear') in /home/ubuntu/workspace/vacation/index.php on line 4
[19-Oct-2016 16:46:31 UTC] PHP Stack trace:
[19-Oct-2016 16:46:31 UTC] PHP   1. {main}() /home/ubuntu/workspace/vacation/index.php:0
[19-Oct-2016 16:46:33 UTC] PHP Warning:  require_once(/models/file.php): failed to open stream: No such file or directory in /home/ubuntu/workspace/vacation/index.php on line 4
[19-Oct-2016 16:46:33 UTC] PHP Stack trace:
[19-Oct-2016 16:46:33 UTC] PHP   1. {main}() /home/ubuntu/workspace/vacation/index.php:0
[19-Oct-2016 16:46:33 UTC] PHP Fatal error:  require_once(): Failed opening required '/models/file.php' (include_path='.:/usr/share/php:/usr/share/pear') in /home/ubuntu/workspace/vacation/index.php on line 4
[19-Oct-2016 16:46:33 UTC] PHP Stack trace:
[19-Oct-2016 16:46:33 UTC] PHP   1. {main}() /home/ubuntu/workspace/vacation/index.php:0
[19-Oct-2016 16:56:15 UTC] PHP Fatal error:  Call to undefined method File::handleFile() in /home/ubuntu/workspace/vacation/index.php on line 26
[19-Oct-2016 16:56:15 UTC] PHP Stack trace:
[19-Oct-2016 16:56:15 UTC] PHP   1. {main}() /home/ubuntu/workspace/vacation/index.php:0
[19-Oct-2016 16:57:20 UTC] PHP Warning:  Missing argument 2 for File::upload_file(), called in /home/ubuntu/workspace/vacation/index.php on line 34 and defined in /home/ubuntu/workspace/models/file.php on line 39
[19-Oct-2016 16:57:20 UTC] PHP Stack trace:
[19-Oct-2016 16:57:20 UTC] PHP   1. {main}() /home/ubuntu/workspace/vacation/index.php:0
[19-Oct-2016 16:57:20 UTC] PHP   2. File->upload_file() /home/ubuntu/workspace/vacation/index.php:34
[19-Oct-2016 16:57:20 UTC] PHP Warning:  Missing argument 3 for File::upload_file(), called in /home/ubuntu/workspace/vacation/index.php on line 34 and defined in /home/ubuntu/workspace/models/file.php on line 39
[19-Oct-2016 16:57:20 UTC] PHP Stack trace:
[19-Oct-2016 16:57:20 UTC] PHP   1. {main}() /home/ubuntu/workspace/vacation/index.php:0
[19-Oct-2016 16:57:20 UTC] PHP   2. File->upload_file() /home/ubuntu/workspace/vacation/index.php:34
[19-Oct-2016 16:58:45 UTC] PHP Warning:  Missing argument 2 for File::upload_file(), called in /home/ubuntu/workspace/vacation/index.php on line 34 and defined in /home/ubuntu/workspace/models/file.php on line 39
[19-Oct-2016 16:58:45 UTC] PHP Stack trace:
[19-Oct-2016 16:58:45 UTC] PHP   1. {main}() /home/ubuntu/workspace/vacation/index.php:0
[19-Oct-2016 16:58:45 UTC] PHP   2. File->upload_file() /home/ubuntu/workspace/vacation/index.php:34
[19-Oct-2016 16:58:45 UTC] PHP Warning:  Missing argument 3 for File::upload_file(), called in /home/ubuntu/workspace/vacation/index.php on line 34 and defined in /home/ubuntu/workspace/models/file.php on line 39
[19-Oct-2016 16:58:45 UTC] PHP Stack trace:
[19-Oct-2016 16:58:45 UTC] PHP   1. {main}() /home/ubuntu/workspace/vacation/index.php:0
[19-Oct-2016 16:58:45 UTC] PHP   2. File->upload_file() /home/ubuntu/workspace/vacation/index.php:34
[19-Oct-2016 17:21:39 UTC] PHP Fatal error:  Cannot use [] for reading in /home/ubuntu/workspace/vacation/index.php on line 22
[19-Oct-2016 18:22:38 UTC] PHP Warning:  Invalid argument supplied for foreach() in /home/ubuntu/workspace/models/test_db_strings.php on line 14
[19-Oct-2016 18:22:38 UTC] PHP Stack trace:
[19-Oct-2016 18:22:38 UTC] PHP   1. {main}() /home/ubuntu/workspace/models/test_db_strings.php:0
[19-Oct-2016 18:22:38 UTC] PHP   2. bindParams() /home/ubuntu/workspace/models/test_db_strings.php:20
[19-Oct-2016 18:24:36 UTC] PHP Fatal error:  Call to a member function prepare() on a non-object in /home/ubuntu/workspace/models/test_db_strings.php on line 12
[19-Oct-2016 18:24:36 UTC] PHP Stack trace:
[19-Oct-2016 18:24:36 UTC] PHP   1. {main}() /home/ubuntu/workspace/models/test_db_strings.php:0
[19-Oct-2016 18:24:36 UTC] PHP   2. bindParams() /home/ubuntu/workspace/models/test_db_strings.php:20
[19-Oct-2016 18:27:09 UTC] PHP Parse error:  syntax error, unexpected '$stmt' (T_VARIABLE), expecting ',' or ';' in /home/ubuntu/workspace/models/test_db_strings.php on line 17
[19-Oct-2016 18:34:06 UTC] PHP Fatal error:  Call to a member function prepare() on a non-object in /home/ubuntu/workspace/models/test_db_strings.php on line 12
[19-Oct-2016 18:34:06 UTC] PHP Stack trace:
[19-Oct-2016 18:34:06 UTC] PHP   1. {main}() /home/ubuntu/workspace/models/test_db_strings.php:0
[19-Oct-2016 18:34:06 UTC] PHP   2. bindParams() /home/ubuntu/workspace/models/test_db_strings.php:20
[19-Oct-2016 18:46:20 UTC] PHP Fatal error:  Call to a member function execute() on a non-object in /home/ubuntu/workspace/models/vacation.php on line 19
[19-Oct-2016 18:46:20 UTC] PHP Stack trace:
[19-Oct-2016 18:46:20 UTC] PHP   1. {main}() /home/ubuntu/workspace/models/vacation.php:0
[19-Oct-2016 18:46:20 UTC] PHP   2. Vacation->addVacation() /home/ubuntu/workspace/models/vacation.php:39
[20-Oct-2016 03:30:35 UTC] PHP Fatal error:  Call to a member function getField() on a non-object in /home/ubuntu/workspace/views/signup-form.php on line 10
[20-Oct-2016 03:30:35 UTC] PHP Stack trace:
[20-Oct-2016 03:30:35 UTC] PHP   1. {main}() /home/ubuntu/workspace/vacation/index.php:0
[20-Oct-2016 03:30:35 UTC] PHP   2. include() /home/ubuntu/workspace/vacation/index.php:12
[20-Oct-2016 03:31:08 UTC] PHP Fatal error:  Call to undefined function location() in /home/ubuntu/workspace/vacation/index.php on line 12
[20-Oct-2016 03:31:08 UTC] PHP Stack trace:
[20-Oct-2016 03:31:08 UTC] PHP   1. {main}() /home/ubuntu/workspace/vacation/index.php:0
[20-Oct-2016 03:58:07 UTC] PHP Fatal error:  Call to undefined function bindParams() in /home/ubuntu/workspace/models/vacation.php on line 16
[20-Oct-2016 03:58:07 UTC] PHP Stack trace:
[20-Oct-2016 03:58:07 UTC] PHP   1. {main}() /home/ubuntu/workspace/vacation/index.php:0
[20-Oct-2016 03:58:07 UTC] PHP   2. Vacation->addVacation() /home/ubuntu/workspace/vacation/index.php:44
[20-Oct-2016 03:59:49 UTC] PHP Parse error:  syntax error, unexpected '"<br>"' (T_CONSTANT_ENCAPSED_STRING), expecting ',' or ';' in /home/ubuntu/workspace/models/vacation.php on line 18
[20-Oct-2016 03:59:49 UTC] PHP Stack trace:
[20-Oct-2016 03:59:49 UTC] PHP   1. {main}() /home/ubuntu/workspace/vacation/index.php:0
[20-Oct-2016 04:19:19 UTC] PHP Fatal error:  Call to a member function getOneVacation() on a non-object in /home/ubuntu/workspace/vacation/index.php on line 61
[20-Oct-2016 04:19:19 UTC] PHP Stack trace:
[20-Oct-2016 04:19:19 UTC] PHP   1. {main}() /home/ubuntu/workspace/vacation/index.php:0
[20-Oct-2016 04:20:08 UTC] PHP Fatal error:  Call to undefined method PDO::bindParams() in /home/ubuntu/workspace/models/vacation.php on line 52
[20-Oct-2016 04:20:08 UTC] PHP Stack trace:
[20-Oct-2016 04:20:08 UTC] PHP   1. {main}() /home/ubuntu/workspace/vacation/index.php:0
[20-Oct-2016 04:20:08 UTC] PHP   2. Vacation->getOneVacation() /home/ubuntu/workspace/vacation/index.php:63
[20-Oct-2016 04:20:29 UTC] PHP Fatal error:  Call to undefined method Vacation::getVacationReviews() in /home/ubuntu/workspace/vacation/index.php on line 64
[20-Oct-2016 04:20:29 UTC] PHP Stack trace:
[20-Oct-2016 04:20:29 UTC] PHP   1. {main}() /home/ubuntu/workspace/vacation/index.php:0
[20-Oct-2016 04:20:41 UTC] PHP Warning:  include(/home/ubuntu/workspace/views/vacation-reviews.php): failed to open stream: No such file or directory in /home/ubuntu/workspace/vacation/index.php on line 66
[20-Oct-2016 04:20:41 UTC] PHP Stack trace:
[20-Oct-2016 04:20:41 UTC] PHP   1. {main}() /home/ubuntu/workspace/vacation/index.php:0
[20-Oct-2016 04:20:41 UTC] PHP Warning:  include(): Failed opening '/home/ubuntu/workspace/views/vacation-reviews.php' for inclusion (include_path='.:/usr/share/php:/usr/share/pear') in /home/ubuntu/workspace/vacation/index.php on line 66
[20-Oct-2016 04:20:41 UTC] PHP Stack trace:
[20-Oct-2016 04:20:41 UTC] PHP   1. {main}() /home/ubuntu/workspace/vacation/index.php:0
[20-Oct-2016 04:22:31 UTC] PHP Warning:  Invalid argument supplied for foreach() in /home/ubuntu/workspace/views/vacation_reviews.php on line 9
[20-Oct-2016 04:22:31 UTC] PHP Stack trace:
[20-Oct-2016 04:22:31 UTC] PHP   1. {main}() /home/ubuntu/workspace/vacation/index.php:0
[20-Oct-2016 04:22:31 UTC] PHP   2. include() /home/ubuntu/workspace/vacation/index.php:66
[20-Oct-2016 04:22:48 UTC] PHP Warning:  Invalid argument supplied for foreach() in /home/ubuntu/workspace/views/vacation_reviews.php on line 9
[20-Oct-2016 04:22:48 UTC] PHP Stack trace:
[20-Oct-2016 04:22:48 UTC] PHP   1. {main}() /home/ubuntu/workspace/vacation/index.php:0
[20-Oct-2016 04:22:48 UTC] PHP   2. include() /home/ubuntu/workspace/vacation/index.php:66
[20-Oct-2016 04:36:59 UTC] PHP Fatal error:  Cannot use try without catch or finally in /home/ubuntu/workspace/vacation/index.php on line 75
[20-Oct-2016 04:54:56 UTC] PHP Parse error:  syntax error, unexpected '?>' in /home/ubuntu/workspace/views/vacation_reviews.php on line 30
[20-Oct-2016 04:54:56 UTC] PHP Stack trace:
[20-Oct-2016 04:54:56 UTC] PHP   1. {main}() /home/ubuntu/workspace/vacation/index.php:0
[20-Oct-2016 04:55:02 UTC] PHP Fatal error:  Cannot use [] for reading in /home/ubuntu/workspace/views/vacation_reviews.php on line 30
[20-Oct-2016 04:55:02 UTC] PHP Stack trace:
[20-Oct-2016 04:55:02 UTC] PHP   1. {main}() /home/ubuntu/workspace/vacation/index.php:0
[20-Oct-2016 04:55:25 UTC] PHP Warning:  Illegal string offset 'title' in /home/ubuntu/workspace/views/vacation_reviews.php on line 30
[20-Oct-2016 04:55:25 UTC] PHP Stack trace:
[20-Oct-2016 04:55:25 UTC] PHP   1. {main}() /home/ubuntu/workspace/vacation/index.php:0
[20-Oct-2016 04:55:25 UTC] PHP   2. include() /home/ubuntu/workspace/vacation/index.php:66
[20-Oct-2016 04:55:25 UTC] PHP Warning:  Illegal string offset 'title' in /home/ubuntu/workspace/views/vacation_reviews.php on line 30
[20-Oct-2016 04:55:25 UTC] PHP Stack trace:
[20-Oct-2016 04:55:25 UTC] PHP   1. {main}() /home/ubuntu/workspace/vacation/index.php:0
[20-Oct-2016 04:55:25 UTC] PHP   2. include() /home/ubuntu/workspace/vacation/index.php:66
[20-Oct-2016 04:55:25 UTC] PHP Warning:  Illegal string offset 'title' in /home/ubuntu/workspace/views/vacation_reviews.php on line 30
[20-Oct-2016 04:55:25 UTC] PHP Stack trace:
[20-Oct-2016 04:55:25 UTC] PHP   1. {main}() /home/ubuntu/workspace/vacation/index.php:0
[20-Oct-2016 04:55:25 UTC] PHP   2. include() /home/ubuntu/workspace/vacation/index.php:66
[20-Oct-2016 04:55:25 UTC] PHP Warning:  Illegal string offset 'title' in /home/ubuntu/workspace/views/vacation_reviews.php on line 30
[20-Oct-2016 04:55:25 UTC] PHP Stack trace:
[20-Oct-2016 04:55:25 UTC] PHP   1. {main}() /home/ubuntu/workspace/vacation/index.php:0
[20-Oct-2016 04:55:25 UTC] PHP   2. include() /home/ubuntu/workspace/vacation/index.php:66
[20-Oct-2016 04:55:25 UTC] PHP Warning:  Illegal string offset 'title' in /home/ubuntu/workspace/views/vacation_reviews.php on line 30
[20-Oct-2016 04:55:25 UTC] PHP Stack trace:
[20-Oct-2016 04:55:25 UTC] PHP   1. {main}() /home/ubuntu/workspace/vacation/index.php:0
[20-Oct-2016 04:55:25 UTC] PHP   2. include() /home/ubuntu/workspace/vacation/index.php:66
[20-Oct-2016 04:55:25 UTC] PHP Warning:  Illegal string offset 'title' in /home/ubuntu/workspace/views/vacation_reviews.php on line 30
[20-Oct-2016 04:55:25 UTC] PHP Stack trace:
[20-Oct-2016 04:55:25 UTC] PHP   1. {main}() /home/ubuntu/workspace/vacation/index.php:0
[20-Oct-2016 04:55:25 UTC] PHP   2. include() /home/ubuntu/workspace/vacation/index.php:66
[20-Oct-2016 04:55:25 UTC] PHP Warning:  Illegal string offset 'title' in /home/ubuntu/workspace/views/vacation_reviews.php on line 30
[20-Oct-2016 04:55:25 UTC] PHP Stack trace:
[20-Oct-2016 04:55:25 UTC] PHP   1. {main}() /home/ubuntu/workspace/vacation/index.php:0
[20-Oct-2016 04:55:25 UTC] PHP   2. include() /home/ubuntu/workspace/vacation/index.php:66
[20-Oct-2016 04:57:59 UTC] PHP Fatal error:  Call to undefined function size() in /home/ubuntu/workspace/models/gateway.php on line 42
[20-Oct-2016 04:57:59 UTC] PHP Stack trace:
[20-Oct-2016 04:57:59 UTC] PHP   1. {main}() /home/ubuntu/workspace/vacation/index.php:0
[20-Oct-2016 04:57:59 UTC] PHP   2. Vacation->getOneVacation() /home/ubuntu/workspace/vacation/index.php:62
[20-Oct-2016 04:57:59 UTC] PHP   3. Gateway->bindParams() /home/ubuntu/workspace/models/vacation.php:53
[20-Oct-2016 04:58:09 UTC] PHP Warning:  Illegal string offset 'title' in /home/ubuntu/workspace/views/vacation_reviews.php on line 30
[20-Oct-2016 04:58:09 UTC] PHP Stack trace:
[20-Oct-2016 04:58:09 UTC] PHP   1. {main}() /home/ubuntu/workspace/vacation/index.php:0
[20-Oct-2016 04:58:09 UTC] PHP   2. include() /home/ubuntu/workspace/vacation/index.php:66
[20-Oct-2016 04:58:09 UTC] PHP Warning:  Illegal string offset 'title' in /home/ubuntu/workspace/views/vacation_reviews.php on line 30
[20-Oct-2016 04:58:09 UTC] PHP Stack trace:
[20-Oct-2016 04:58:09 UTC] PHP   1. {main}() /home/ubuntu/workspace/vacation/index.php:0
[20-Oct-2016 04:58:09 UTC] PHP   2. include() /home/ubuntu/workspace/vacation/index.php:66
[20-Oct-2016 04:58:09 UTC] PHP Warning:  Illegal string offset 'title' in /home/ubuntu/workspace/views/vacation_reviews.php on line 30
[20-Oct-2016 04:58:09 UTC] PHP Stack trace:
[20-Oct-2016 04:58:09 UTC] PHP   1. {main}() /home/ubuntu/workspace/vacation/index.php:0
[20-Oct-2016 04:58:09 UTC] PHP   2. include() /home/ubuntu/workspace/vacation/index.php:66
[20-Oct-2016 04:58:09 UTC] PHP Warning:  Illegal string offset 'title' in /home/ubuntu/workspace/views/vacation_reviews.php on line 30
[20-Oct-2016 04:58:09 UTC] PHP Stack trace:
[20-Oct-2016 04:58:09 UTC] PHP   1. {main}() /home/ubuntu/workspace/vacation/index.php:0
[20-Oct-2016 04:58:09 UTC] PHP   2. include() /home/ubuntu/workspace/vacation/index.php:66
[20-Oct-2016 04:58:09 UTC] PHP Warning:  Illegal string offset 'title' in /home/ubuntu/workspace/views/vacation_reviews.php on line 30
[20-Oct-2016 04:58:09 UTC] PHP Stack trace:
[20-Oct-2016 04:58:09 UTC] PHP   1. {main}() /home/ubuntu/workspace/vacation/index.php:0
[20-Oct-2016 04:58:09 UTC] PHP   2. include() /home/ubuntu/workspace/vacation/index.php:66
[20-Oct-2016 04:58:09 UTC] PHP Warning:  Illegal string offset 'title' in /home/ubuntu/workspace/views/vacation_reviews.php on line 30
[20-Oct-2016 04:58:09 UTC] PHP Stack trace:
[20-Oct-2016 04:58:09 UTC] PHP   1. {main}() /home/ubuntu/workspace/vacation/index.php:0
[20-Oct-2016 04:58:09 UTC] PHP   2. include() /home/ubuntu/workspace/vacation/index.php:66
[20-Oct-2016 04:58:09 UTC] PHP Warning:  Illegal string offset 'title' in /home/ubuntu/workspace/views/vacation_reviews.php on line 30
[20-Oct-2016 04:58:09 UTC] PHP Stack trace:
[20-Oct-2016 04:58:09 UTC] PHP   1. {main}() /home/ubuntu/workspace/vacation/index.php:0
[20-Oct-2016 04:58:09 UTC] PHP   2. include() /home/ubuntu/workspace/vacation/index.php:66
[20-Oct-2016 04:58:38 UTC] PHP Warning:  Invalid argument supplied for foreach() in /home/ubuntu/workspace/views/vacation_reviews.php on line 29
[20-Oct-2016 04:58:38 UTC] PHP Stack trace:
[20-Oct-2016 04:58:38 UTC] PHP   1. {main}() /home/ubuntu/workspace/vacation/index.php:0
[20-Oct-2016 04:58:38 UTC] PHP   2. include() /home/ubuntu/workspace/vacation/index.php:66
[20-Oct-2016 04:59:11 UTC] PHP Warning:  Illegal string offset 'title' in /home/ubuntu/workspace/views/vacation_reviews.php on line 30
[20-Oct-2016 04:59:11 UTC] PHP Stack trace:
[20-Oct-2016 04:59:11 UTC] PHP   1. {main}() /home/ubuntu/workspace/vacation/index.php:0
[20-Oct-2016 04:59:11 UTC] PHP   2. include() /home/ubuntu/workspace/vacation/index.php:66
[20-Oct-2016 04:59:11 UTC] PHP Warning:  Illegal string offset 'title' in /home/ubuntu/workspace/views/vacation_reviews.php on line 30
[20-Oct-2016 04:59:11 UTC] PHP Stack trace:
[20-Oct-2016 04:59:11 UTC] PHP   1. {main}() /home/ubuntu/workspace/vacation/index.php:0
[20-Oct-2016 04:59:11 UTC] PHP   2. include() /home/ubuntu/workspace/vacation/index.php:66
[20-Oct-2016 04:59:11 UTC] PHP Warning:  Illegal string offset 'title' in /home/ubuntu/workspace/views/vacation_reviews.php on line 30
[20-Oct-2016 04:59:11 UTC] PHP Stack trace:
[20-Oct-2016 04:59:11 UTC] PHP   1. {main}() /home/ubuntu/workspace/vacation/index.php:0
[20-Oct-2016 04:59:11 UTC] PHP   2. include() /home/ubuntu/workspace/vacation/index.php:66
[20-Oct-2016 04:59:11 UTC] PHP Warning:  Illegal string offset 'title' in /home/ubuntu/workspace/views/vacation_reviews.php on line 30
[20-Oct-2016 04:59:11 UTC] PHP Stack trace:
[20-Oct-2016 04:59:11 UTC] PHP   1. {main}() /home/ubuntu/workspace/vacation/index.php:0
[20-Oct-2016 04:59:11 UTC] PHP   2. include() /home/ubuntu/workspace/vacation/index.php:66
[20-Oct-2016 04:59:11 UTC] PHP Warning:  Illegal string offset 'title' in /home/ubuntu/workspace/views/vacation_reviews.php on line 30
[20-Oct-2016 04:59:11 UTC] PHP Stack trace:
[20-Oct-2016 04:59:11 UTC] PHP   1. {main}() /home/ubuntu/workspace/vacation/index.php:0
[20-Oct-2016 04:59:11 UTC] PHP   2. include() /home/ubuntu/workspace/vacation/index.php:66
[20-Oct-2016 04:59:11 UTC] PHP Warning:  Illegal string offset 'title' in /home/ubuntu/workspace/views/vacation_reviews.php on line 30
[20-Oct-2016 04:59:11 UTC] PHP Stack trace:
[20-Oct-2016 04:59:11 UTC] PHP   1. {main}() /home/ubuntu/workspace/vacation/index.php:0
[20-Oct-2016 04:59:11 UTC] PHP   2. include() /home/ubuntu/workspace/vacation/index.php:66
[20-Oct-2016 04:59:11 UTC] PHP Warning:  Illegal string offset 'title' in /home/ubuntu/workspace/views/vacation_reviews.php on line 30
[20-Oct-2016 04:59:11 UTC] PHP Stack trace:
[20-Oct-2016 04:59:11 UTC] PHP   1. {main}() /home/ubuntu/workspace/vacation/index.php:0
[20-Oct-2016 04:59:11 UTC] PHP   2. include() /home/ubuntu/workspace/vacation/index.php:66
[20-Oct-2016 05:00:22 UTC] PHP Parse error:  syntax error, unexpected 'endforeach' (T_ENDFOREACH) in /home/ubuntu/workspace/views/vacation_reviews.php on line 31
[20-Oct-2016 05:00:22 UTC] PHP Stack trace:
[20-Oct-2016 05:00:22 UTC] PHP   1. {main}() /home/ubuntu/workspace/vacation/index.php:0
[20-Oct-2016 05:00:54 UTC] PHP Warning:  Illegal string offset 'id' in /home/ubuntu/workspace/views/vacation_reviews.php on line 30
[20-Oct-2016 05:00:54 UTC] PHP Stack trace:
[20-Oct-2016 05:00:54 UTC] PHP   1. {main}() /home/ubuntu/workspace/vacation/index.php:0
[20-Oct-2016 05:00:54 UTC] PHP   2. include() /home/ubuntu/workspace/vacation/index.php:66
[20-Oct-2016 05:00:54 UTC] PHP Warning:  Illegal string offset 'id' in /home/ubuntu/workspace/views/vacation_reviews.php on line 30
[20-Oct-2016 05:00:54 UTC] PHP Stack trace:
[20-Oct-2016 05:00:54 UTC] PHP   1. {main}() /home/ubuntu/workspace/vacation/index.php:0
[20-Oct-2016 05:00:54 UTC] PHP   2. include() /home/ubuntu/workspace/vacation/index.php:66
[20-Oct-2016 05:00:54 UTC] PHP Warning:  Illegal string offset 'id' in /home/ubuntu/workspace/views/vacation_reviews.php on line 30
[20-Oct-2016 05:00:54 UTC] PHP Stack trace:
[20-Oct-2016 05:00:54 UTC] PHP   1. {main}() /home/ubuntu/workspace/vacation/index.php:0
[20-Oct-2016 05:00:54 UTC] PHP   2. include() /home/ubuntu/workspace/vacation/index.php:66
[20-Oct-2016 05:00:54 UTC] PHP Warning:  Illegal string offset 'id' in /home/ubuntu/workspace/views/vacation_reviews.php on line 30
[20-Oct-2016 05:00:54 UTC] PHP Stack trace:
[20-Oct-2016 05:00:54 UTC] PHP   1. {main}() /home/ubuntu/workspace/vacation/index.php:0
[20-Oct-2016 05:00:54 UTC] PHP   2. include() /home/ubuntu/workspace/vacation/index.php:66
[20-Oct-2016 05:00:54 UTC] PHP Warning:  Illegal string offset 'id' in /home/ubuntu/workspace/views/vacation_reviews.php on line 30
[20-Oct-2016 05:00:54 UTC] PHP Stack trace:
[20-Oct-2016 05:00:54 UTC] PHP   1. {main}() /home/ubuntu/workspace/vacation/index.php:0
[20-Oct-2016 05:00:54 UTC] PHP   2. include() /home/ubuntu/workspace/vacation/index.php:66
[20-Oct-2016 05:00:54 UTC] PHP Warning:  Illegal string offset 'id' in /home/ubuntu/workspace/views/vacation_reviews.php on line 30
[20-Oct-2016 05:00:54 UTC] PHP Stack trace:
[20-Oct-2016 05:00:54 UTC] PHP   1. {main}() /home/ubuntu/workspace/vacation/index.php:0
[20-Oct-2016 05:00:54 UTC] PHP   2. include() /home/ubuntu/workspace/vacation/index.php:66
[20-Oct-2016 05:00:54 UTC] PHP Warning:  Illegal string offset 'id' in /home/ubuntu/workspace/views/vacation_reviews.php on line 30
[20-Oct-2016 05:00:54 UTC] PHP Stack trace:
[20-Oct-2016 05:00:54 UTC] PHP   1. {main}() /home/ubuntu/workspace/vacation/index.php:0
[20-Oct-2016 05:00:54 UTC] PHP   2. include() /home/ubuntu/workspace/vacation/index.php:66
[20-Oct-2016 05:02:04 UTC] PHP Warning:  Illegal string offset 'id' in /home/ubuntu/workspace/views/vacation_reviews.php on line 30
[20-Oct-2016 05:02:04 UTC] PHP Stack trace:
[20-Oct-2016 05:02:04 UTC] PHP   1. {main}() /home/ubuntu/workspace/vacation/index.php:0
[20-Oct-2016 05:02:04 UTC] PHP   2. include() /home/ubuntu/workspace/vacation/index.php:66
[20-Oct-2016 05:02:04 UTC] PHP Warning:  Illegal string offset 'id' in /home/ubuntu/workspace/views/vacation_reviews.php on line 30
[20-Oct-2016 05:02:04 UTC] PHP Stack trace:
[20-Oct-2016 05:02:04 UTC] PHP   1. {main}() /home/ubuntu/workspace/vacation/index.php:0
[20-Oct-2016 05:02:04 UTC] PHP   2. include() /home/ubuntu/workspace/vacation/index.php:66
[20-Oct-2016 05:02:04 UTC] PHP Warning:  Illegal string offset 'id' in /home/ubuntu/workspace/views/vacation_reviews.php on line 30
[20-Oct-2016 05:02:04 UTC] PHP Stack trace:
[20-Oct-2016 05:02:04 UTC] PHP   1. {main}() /home/ubuntu/workspace/vacation/index.php:0
[20-Oct-2016 05:02:04 UTC] PHP   2. include() /home/ubuntu/workspace/vacation/index.php:66
[20-Oct-2016 05:02:04 UTC] PHP Warning:  Illegal string offset 'id' in /home/ubuntu/workspace/views/vacation_reviews.php on line 30
[20-Oct-2016 05:02:04 UTC] PHP Stack trace:
[20-Oct-2016 05:02:04 UTC] PHP   1. {main}() /home/ubuntu/workspace/vacation/index.php:0
[20-Oct-2016 05:02:04 UTC] PHP   2. include() /home/ubuntu/workspace/vacation/index.php:66
[20-Oct-2016 05:02:04 UTC] PHP Warning:  Illegal string offset 'id' in /home/ubuntu/workspace/views/vacation_reviews.php on line 30
[20-Oct-2016 05:02:04 UTC] PHP Stack trace:
[20-Oct-2016 05:02:04 UTC] PHP   1. {main}() /home/ubuntu/workspace/vacation/index.php:0
[20-Oct-2016 05:02:04 UTC] PHP   2. include() /home/ubuntu/workspace/vacation/index.php:66
[20-Oct-2016 05:02:04 UTC] PHP Warning:  Illegal string offset 'id' in /home/ubuntu/workspace/views/vacation_reviews.php on line 30
[20-Oct-2016 05:02:04 UTC] PHP Stack trace:
[20-Oct-2016 05:02:04 UTC] PHP   1. {main}() /home/ubuntu/workspace/vacation/index.php:0
[20-Oct-2016 05:02:04 UTC] PHP   2. include() /home/ubuntu/workspace/vacation/index.php:66
[20-Oct-2016 05:02:04 UTC] PHP Warning:  Illegal string offset 'id' in /home/ubuntu/workspace/views/vacation_reviews.php on line 30
[20-Oct-2016 05:02:04 UTC] PHP Stack trace:
[20-Oct-2016 05:02:04 UTC] PHP   1. {main}() /home/ubuntu/workspace/vacation/index.php:0
[20-Oct-2016 05:02:04 UTC] PHP   2. include() /home/ubuntu/workspace/vacation/index.php:66
[20-Oct-2016 05:02:22 UTC] PHP Warning:  Illegal string offset 'id' in /home/ubuntu/workspace/views/vacation_reviews.php on line 31
[20-Oct-2016 05:02:22 UTC] PHP Stack trace:
[20-Oct-2016 05:02:22 UTC] PHP   1. {main}() /home/ubuntu/workspace/vacation/index.php:0
[20-Oct-2016 05:02:22 UTC] PHP   2. include() /home/ubuntu/workspace/vacation/index.php:66
[20-Oct-2016 05:02:22 UTC] PHP Warning:  Illegal string offset 'id' in /home/ubuntu/workspace/views/vacation_reviews.php on line 31
[20-Oct-2016 05:02:22 UTC] PHP Stack trace:
[20-Oct-2016 05:02:22 UTC] PHP   1. {main}() /home/ubuntu/workspace/vacation/index.php:0
[20-Oct-2016 05:02:22 UTC] PHP   2. include() /home/ubuntu/workspace/vacation/index.php:66
[20-Oct-2016 05:02:22 UTC] PHP Warning:  Illegal string offset 'id' in /home/ubuntu/workspace/views/vacation_reviews.php on line 31
[20-Oct-2016 05:02:22 UTC] PHP Stack trace:
[20-Oct-2016 05:02:22 UTC] PHP   1. {main}() /home/ubuntu/workspace/vacation/index.php:0
[20-Oct-2016 05:02:22 UTC] PHP   2. include() /home/ubuntu/workspace/vacation/index.php:66
[20-Oct-2016 05:02:22 UTC] PHP Warning:  Illegal string offset 'id' in /home/ubuntu/workspace/views/vacation_reviews.php on line 31
[20-Oct-2016 05:02:22 UTC] PHP Stack trace:
[20-Oct-2016 05:02:22 UTC] PHP   1. {main}() /home/ubuntu/workspace/vacation/index.php:0
[20-Oct-2016 05:02:22 UTC] PHP   2. include() /home/ubuntu/workspace/vacation/index.php:66
[20-Oct-2016 05:02:22 UTC] PHP Warning:  Illegal string offset 'id' in /home/ubuntu/workspace/views/vacation_reviews.php on line 31
[20-Oct-2016 05:02:22 UTC] PHP Stack trace:
[20-Oct-2016 05:02:22 UTC] PHP   1. {main}() /home/ubuntu/workspace/vacation/index.php:0
[20-Oct-2016 05:02:22 UTC] PHP   2. include() /home/ubuntu/workspace/vacation/index.php:66
[20-Oct-2016 05:02:22 UTC] PHP Warning:  Illegal string offset 'id' in /home/ubuntu/workspace/views/vacation_reviews.php on line 31
[20-Oct-2016 05:02:22 UTC] PHP Stack trace:
[20-Oct-2016 05:02:22 UTC] PHP   1. {main}() /home/ubuntu/workspace/vacation/index.php:0
[20-Oct-2016 05:02:22 UTC] PHP   2. include() /home/ubuntu/workspace/vacation/index.php:66
[20-Oct-2016 05:02:22 UTC] PHP Warning:  Illegal string offset 'id' in /home/ubuntu/workspace/views/vacation_reviews.php on line 31
[20-Oct-2016 05:02:22 UTC] PHP Stack trace:
[20-Oct-2016 05:02:22 UTC] PHP   1. {main}() /home/ubuntu/workspace/vacation/index.php:0
[20-Oct-2016 05:02:22 UTC] PHP   2. include() /home/ubuntu/workspace/vacation/index.php:66
[20-Oct-2016 05:14:20 UTC] PHP Warning:  Missing argument 5 for Review::postReview(), called in /home/ubuntu/workspace/vacation/index.php on line 76 and defined in /home/ubuntu/workspace/models/review.php on line 10
[20-Oct-2016 05:14:20 UTC] PHP Stack trace:
[20-Oct-2016 05:14:20 UTC] PHP   1. {main}() /home/ubuntu/workspace/vacation/index.php:0
[20-Oct-2016 05:14:20 UTC] PHP   2. Review->postReview() /home/ubuntu/workspace/vacation/index.php:76
